<html xmlns:math="http://exslt.org/math" xmlns:testng="http://testng.org">
   <head>
      <title>TestNG Results</title>
      <meta http-equiv="content-type" content="text/html; charset=utf-8"></meta>
      <meta http-equiv="pragma" content="no-cache"></meta>
      <meta http-equiv="cache-control" content="max-age=0"></meta>
      <meta http-equiv="cache-control" content="no-cache"></meta>
      <meta http-equiv="cache-control" content="no-store"></meta>
      <LINK rel="stylesheet" href="style.css"></LINK>
      <script type="text/javascript" src="main.js"></script>
   </head>
   <body>
      <table width="100%" style="font-size: 16px; margin-bottom: 10px;" cellspacing="1">
         <tr>
            <td width="100%">
               All methods in suite
               
               <b>Larning testNG</b>
            </td>
            <td style="background-color: #FFBBBB; padding: 3px 3px 3px 0;" align="center">
               <div style="width: 50px;">2</div>
            </td>
            <td style="background-color: lightgreen; padding: 3px 3px 3px 0;" align="center">
               <div style="width: 50px;">0</div>
            </td>
            <td style="background-color: #FFFFBB; padding: 3px 3px 3px 0;" align="center">
               <div style="width: 50px;">3</div>
            </td>
            <td align="center" style="background-color: #eaf0f7; padding: 3px 3px 3px 0;">
               <div style="width: 50px;">5</div>
            </td>
            <td align="center"
                style="font-weight: bold; background-color: #eaf0f7; padding: 3px 3px 3px 0;">
               <div style="width: 50px;">0%</div>
            </td>
            <td style="background-color: #eaf0f7; padding: 3px 3px 3px 0;" align="center"
                nowrap="true">421 ms
               
            </td>
         </tr>
      </table>
      <div style="width: 200px;">
         <label for="groupMethodsCheckBox" style="font-weight: bold; margin: 0;">
            <input id="groupMethodsCheckBox" type="checkbox" onclick="switchTestMethodsView(this)"></input>
            Group by class
            
         </label>
         <br></br>
         <label for="methodsFilter_ALL" style="font-weight: bold; margin: 0;">
            <input id="methodsFilter_ALL" type="checkbox"
                   onclick="testMethodsFilterChanged(this, 'ALL')"></input>
            All
            
         </label>
      </div>
      <label for="methodsFilter_FAIL" style="margin-left: 20px;">
         <input id="methodsFilter_FAIL" type="checkbox"
                onclick="testMethodsFilterChanged(this, 'FAIL')"
                checked=""></input>
         Failed
         
      </label>
      <label for="methodsFilter_PASS">
         <input id="methodsFilter_PASS" type="checkbox"
                onclick="testMethodsFilterChanged(this, 'PASS')"
                checked=""></input>
         Passed
         
      </label>
      <label for="methodsFilter_SKIP">
         <input id="methodsFilter_SKIP" type="checkbox"
                onclick="testMethodsFilterChanged(this, 'SKIP')"
                checked=""></input>
         Skipped
         
      </label>
      <label for="methodsFilter_CONF">
         <input id="methodsFilter_CONF" type="checkbox"
                onclick="testMethodsFilterChanged(this, 'CONF')"></input>
         Config
         
      </label>
      <br></br>
      <div id="testMethodsByStatus">
         <table class="testMethodsTable" cellpadding="0" cellspacing="0">
            <tr class="methodsTableHeader">
               <td width="100%">Name</td>
               <td nowrap="true">Started</td>
               <td nowrap="true">Duration</td>
               <td>Exception</td>
            </tr>
            <tr id="testcases.ApplicationTest_doLogin_byStatus_failed_FAIL1_row"
                class="testMethodStatusFAIL">
               <td width="100%" class="firstMethodCell">
                  <a onclick="toggleDetailsVisibility('testcases.ApplicationTest_doLogin_byStatus_failed_FAIL1_details')">doLogin()</a>
               </td>
               <td nowrap="true">13:07:48</td>
               <td nowrap="true" align="right">0 ms
                  
               </td>
               <td nowrap="true">
                  <a onclick="toggleDetailsVisibility('testcases.ApplicationTest_doLogin_byStatus_failed_FAIL1_exception')">java.lang.AssertionError: 
                     The following asserts failed:
                     	Error Message
                     
                  </a>
                   
                  
               </td>
            </tr>
            <tr>
               <td colspan="4" class="detailsBox">
                  <div id="testcases.ApplicationTest_doLogin_byStatus_failed_FAIL1_details"
                       class="testMethodDetails">
                     <div>
                        <b>Name: </b>doLogin
                     </div>
                     <div>
                        <b>Signature: </b>doLogin()[pri:1, instance:testcases.ApplicationTest@7c0e2abd]
                     </div>
                     <div>
                        <b>Start time: </b>13:07:48
                     </div>
                     <div>
                        <b>End time: </b>13:07:48
                     </div>
                     <div>
                        <b>Duration: </b>0 ms
                        
                     </div>
                  </div>
               </td>
            </tr>
            <tr>
               <td colspan="4" class="detailsBox">
                  <div id="testcases.ApplicationTest_doLogin_byStatus_failed_FAIL1_exception"
                       class="testMethodDetails">
                     <pre style="padding: 5px; margin: 0;">java.lang.AssertionError: The following asserts failed:
                        	Error Message
                        	at org.testng.asserts.SoftAssert.assertAll(SoftAssert.java:43)
                        	at testcases.ApplicationTest.doLogin(ApplicationTest.java:51)
                        	at sun.reflect.NativeMethodAccessorImpl.invoke0(Native Method)
                        	at sun.reflect.NativeMethodAccessorImpl.invoke(NativeMethodAccessorImpl.java:62)
                        	at sun.reflect.DelegatingMethodAccessorImpl.invoke(DelegatingMethodAccessorImpl.java:43)
                        	at java.lang.reflect.Method.invoke(Method.java:498)
                        	at org.testng.internal.MethodInvocationHelper.invokeMethod(MethodInvocationHelper.java:100)
                        	at org.testng.internal.Invoker.invokeMethod(Invoker.java:646)
                        	at org.testng.internal.Invoker.invokeTestMethod(Invoker.java:811)
                        	at org.testng.internal.Invoker.invokeTestMethods(Invoker.java:1129)
                        	at org.testng.internal.TestMethodWorker.invokeTestMethods(TestMethodWorker.java:129)
                        	at org.testng.internal.TestMethodWorker.run(TestMethodWorker.java:112)
                        	at org.testng.TestRunner.privateRun(TestRunner.java:746)
                        	at org.testng.TestRunner.run(TestRunner.java:600)
                        	at org.testng.SuiteRunner.runTest(SuiteRunner.java:366)
                        	at org.testng.SuiteRunner.runSequentially(SuiteRunner.java:361)
                        	at org.testng.SuiteRunner.privateRun(SuiteRunner.java:319)
                        	at org.testng.SuiteRunner.run(SuiteRunner.java:268)
                        	at org.testng.SuiteRunnerWorker.runSuite(SuiteRunnerWorker.java:52)
                        	at org.testng.SuiteRunnerWorker.run(SuiteRunnerWorker.java:86)
                        	at org.testng.TestNG.runSuitesSequentially(TestNG.java:1264)
                        	at org.testng.TestNG.runSuitesLocally(TestNG.java:1189)
                        	at org.testng.TestNG.runSuites(TestNG.java:1104)
                        	at org.testng.TestNG.run(TestNG.java:1076)
                        	at org.testng.TestNG.privateMain(TestNG.java:1405)
                        	at org.testng.TestNG.main(TestNG.java:1374)
                     </pre>
                  </div>
               </td>
            </tr>
            <tr id="testcases.RegTest_doRegisterTest_byStatus_failed_FAIL2_row"
                class="testMethodStatusFAIL">
               <td width="100%" class="firstMethodCell">
                  <a onclick="toggleDetailsVisibility('testcases.RegTest_doRegisterTest_byStatus_failed_FAIL2_details')">doRegisterTest()</a>
               </td>
               <td nowrap="true">13:07:48</td>
               <td nowrap="true" align="right">15 ms
                  
               </td>
               <td nowrap="true">
                  <a onclick="toggleDetailsVisibility('testcases.RegTest_doRegisterTest_byStatus_failed_FAIL2_exception')">java.lang.AssertionError: 
                     The following asserts failed:
                     	expected [jdjfg] but found [fhdj],
                     	expected [B] but found [A]
                     
                  </a>
                   
                  
               </td>
            </tr>
            <tr>
               <td colspan="4" class="detailsBox">
                  <div id="testcases.RegTest_doRegisterTest_byStatus_failed_FAIL2_details"
                       class="testMethodDetails">
                     <div>
                        <b>Name: </b>doRegisterTest
                     </div>
                     <div>
                        <b>Signature: </b>doRegisterTest()[pri:0, instance:testcases.RegTest@68be2bc2]
                     </div>
                     <div>
                        <b>Start time: </b>13:07:48
                     </div>
                     <div>
                        <b>End time: </b>13:07:48
                     </div>
                     <div>
                        <b>Duration: </b>15 ms
                        
                     </div>
                  </div>
               </td>
            </tr>
            <tr>
               <td colspan="4" class="detailsBox">
                  <div id="testcases.RegTest_doRegisterTest_byStatus_failed_FAIL2_exception"
                       class="testMethodDetails">
                     <pre style="padding: 5px; margin: 0;">java.lang.AssertionError: The following asserts failed:
                        	expected [jdjfg] but found [fhdj],
                        	expected [B] but found [A]
                        	at org.testng.Assert.fail(Assert.java:94)
                        	at testcases.RegTest.doRegisterTest(RegTest.java:45)
                        	at sun.reflect.NativeMethodAccessorImpl.invoke0(Native Method)
                        	at sun.reflect.NativeMethodAccessorImpl.invoke(NativeMethodAccessorImpl.java:62)
                        	at sun.reflect.DelegatingMethodAccessorImpl.invoke(DelegatingMethodAccessorImpl.java:43)
                        	at java.lang.reflect.Method.invoke(Method.java:498)
                        	at org.testng.internal.MethodInvocationHelper.invokeMethod(MethodInvocationHelper.java:100)
                        	at org.testng.internal.Invoker.invokeMethod(Invoker.java:646)
                        	at org.testng.internal.Invoker.invokeTestMethod(Invoker.java:811)
                        	at org.testng.internal.Invoker.invokeTestMethods(Invoker.java:1129)
                        	at org.testng.internal.TestMethodWorker.invokeTestMethods(TestMethodWorker.java:129)
                        	at org.testng.internal.TestMethodWorker.run(TestMethodWorker.java:112)
                        	at org.testng.TestRunner.privateRun(TestRunner.java:746)
                        	at org.testng.TestRunner.run(TestRunner.java:600)
                        	at org.testng.SuiteRunner.runTest(SuiteRunner.java:366)
                        	at org.testng.SuiteRunner.runSequentially(SuiteRunner.java:361)
                        	at org.testng.SuiteRunner.privateRun(SuiteRunner.java:319)
                        	at org.testng.SuiteRunner.run(SuiteRunner.java:268)
                        	at org.testng.SuiteRunnerWorker.runSuite(SuiteRunnerWorker.java:52)
                        	at org.testng.SuiteRunnerWorker.run(SuiteRunnerWorker.java:86)
                        	at org.testng.TestNG.runSuitesSequentially(TestNG.java:1264)
                        	at org.testng.TestNG.runSuitesLocally(TestNG.java:1189)
                        	at org.testng.TestNG.runSuites(TestNG.java:1104)
                        	at org.testng.TestNG.run(TestNG.java:1076)
                        	at org.testng.TestNG.privateMain(TestNG.java:1405)
                        	at org.testng.TestNG.main(TestNG.java:1374)
                     </pre>
                  </div>
               </td>
            </tr>
            <tr id="testcases.ApplicationTest_beforeTest_byStatus_passed_PASS1_row"
                class="testMethodStatusPASS testMethodStatusCONF">
               <td width="100%" class="firstMethodCell">
                  <a onclick="toggleDetailsVisibility('testcases.ApplicationTest_beforeTest_byStatus_passed_PASS1_details')">beforeTest()</a>
               </td>
               <td nowrap="true">13:07:48</td>
               <td nowrap="true" align="right">0 ms
                  
               </td>
               <td nowrap="true">
                   
                  
               </td>
            </tr>
            <tr>
               <td colspan="4" class="detailsBox">
                  <div id="testcases.ApplicationTest_beforeTest_byStatus_passed_PASS1_details"
                       class="testMethodDetails">
                     <div>
                        <b>Name: </b>beforeTest
                     </div>
                     <div>
                        <b>Signature: </b>beforeTest()[pri:0, instance:testcases.ApplicationTest@7c0e2abd]
                     </div>
                     <div>
                        <b>Start time: </b>13:07:48
                     </div>
                     <div>
                        <b>End time: </b>13:07:48
                     </div>
                     <div>
                        <b>Duration: </b>0 ms
                        
                     </div>
                  </div>
               </td>
            </tr>
            <tr></tr>
            <tr id="testcases.ApplicationTest_afterTest_byStatus_passed_PASS2_row"
                class="testMethodStatusPASS testMethodStatusCONF">
               <td width="100%" class="firstMethodCell">
                  <a onclick="toggleDetailsVisibility('testcases.ApplicationTest_afterTest_byStatus_passed_PASS2_details')">afterTest()</a>
               </td>
               <td nowrap="true">13:07:48</td>
               <td nowrap="true" align="right">0 ms
                  
               </td>
               <td nowrap="true">
                   
                  
               </td>
            </tr>
            <tr>
               <td colspan="4" class="detailsBox">
                  <div id="testcases.ApplicationTest_afterTest_byStatus_passed_PASS2_details"
                       class="testMethodDetails">
                     <div>
                        <b>Name: </b>afterTest
                     </div>
                     <div>
                        <b>Signature: </b>afterTest()[pri:0, instance:testcases.ApplicationTest@7c0e2abd]
                     </div>
                     <div>
                        <b>Start time: </b>13:07:48
                     </div>
                     <div>
                        <b>End time: </b>13:07:48
                     </div>
                     <div>
                        <b>Duration: </b>0 ms
                        
                     </div>
                  </div>
               </td>
            </tr>
            <tr></tr>
            <tr id="testcases.ApplicationTest_AfterMethod_byStatus_passed_PASS3_row"
                class="testMethodStatusPASS testMethodStatusCONF">
               <td width="100%" class="firstMethodCell">
                  <a onclick="toggleDetailsVisibility('testcases.ApplicationTest_AfterMethod_byStatus_passed_PASS3_details')">AfterMethod()</a>
               </td>
               <td nowrap="true">13:07:48</td>
               <td nowrap="true" align="right">0 ms
                  
               </td>
               <td nowrap="true">
                   
                  
               </td>
            </tr>
            <tr>
               <td colspan="4" class="detailsBox">
                  <div id="testcases.ApplicationTest_AfterMethod_byStatus_passed_PASS3_details"
                       class="testMethodDetails">
                     <div>
                        <b>Name: </b>AfterMethod
                     </div>
                     <div>
                        <b>Signature: </b>AfterMethod()[pri:0, instance:testcases.ApplicationTest@7c0e2abd]
                     </div>
                     <div>
                        <b>Start time: </b>13:07:48
                     </div>
                     <div>
                        <b>End time: </b>13:07:48
                     </div>
                     <div>
                        <b>Duration: </b>0 ms
                        
                     </div>
                  </div>
               </td>
            </tr>
            <tr></tr>
            <tr id="testcases.ApplicationTest_beforemethod_byStatus_passed_PASS4_row"
                class="testMethodStatusPASS testMethodStatusCONF">
               <td width="100%" class="firstMethodCell">
                  <a onclick="toggleDetailsVisibility('testcases.ApplicationTest_beforemethod_byStatus_passed_PASS4_details')">beforemethod()</a>
               </td>
               <td nowrap="true">13:07:48</td>
               <td nowrap="true" align="right">0 ms
                  
               </td>
               <td nowrap="true">
                   
                  
               </td>
            </tr>
            <tr>
               <td colspan="4" class="detailsBox">
                  <div id="testcases.ApplicationTest_beforemethod_byStatus_passed_PASS4_details"
                       class="testMethodDetails">
                     <div>
                        <b>Name: </b>beforemethod
                     </div>
                     <div>
                        <b>Signature: </b>beforemethod()[pri:0, instance:testcases.ApplicationTest@7c0e2abd]
                     </div>
                     <div>
                        <b>Start time: </b>13:07:48
                     </div>
                     <div>
                        <b>End time: </b>13:07:48
                     </div>
                     <div>
                        <b>Duration: </b>0 ms
                        
                     </div>
                  </div>
               </td>
            </tr>
            <tr></tr>
            <tr id="testcases.ApplicationTest_beforesuite_byStatus_passed_PASS5_row"
                class="testMethodStatusPASS testMethodStatusCONF">
               <td width="100%" class="firstMethodCell">
                  <a onclick="toggleDetailsVisibility('testcases.ApplicationTest_beforesuite_byStatus_passed_PASS5_details')">beforesuite()</a>
               </td>
               <td nowrap="true">13:07:48</td>
               <td nowrap="true" align="right">0 ms
                  
               </td>
               <td nowrap="true">
                   
                  
               </td>
            </tr>
            <tr>
               <td colspan="4" class="detailsBox">
                  <div id="testcases.ApplicationTest_beforesuite_byStatus_passed_PASS5_details"
                       class="testMethodDetails">
                     <div>
                        <b>Name: </b>beforesuite
                     </div>
                     <div>
                        <b>Signature: </b>beforesuite()[pri:0, instance:testcases.ApplicationTest@7c0e2abd]
                     </div>
                     <div>
                        <b>Start time: </b>13:07:48
                     </div>
                     <div>
                        <b>End time: </b>13:07:48
                     </div>
                     <div>
                        <b>Duration: </b>0 ms
                        
                     </div>
                  </div>
               </td>
            </tr>
            <tr></tr>
            <tr id="testcases.ApplicationTest_aftersuite_byStatus_passed_PASS6_row"
                class="testMethodStatusPASS testMethodStatusCONF">
               <td width="100%" class="firstMethodCell">
                  <a onclick="toggleDetailsVisibility('testcases.ApplicationTest_aftersuite_byStatus_passed_PASS6_details')">aftersuite()</a>
               </td>
               <td nowrap="true">13:07:48</td>
               <td nowrap="true" align="right">0 ms
                  
               </td>
               <td nowrap="true">
                   
                  
               </td>
            </tr>
            <tr>
               <td colspan="4" class="detailsBox">
                  <div id="testcases.ApplicationTest_aftersuite_byStatus_passed_PASS6_details"
                       class="testMethodDetails">
                     <div>
                        <b>Name: </b>aftersuite
                     </div>
                     <div>
                        <b>Signature: </b>aftersuite()[pri:0, instance:testcases.ApplicationTest@7c0e2abd]
                     </div>
                     <div>
                        <b>Start time: </b>13:07:48
                     </div>
                     <div>
                        <b>End time: </b>13:07:48
                     </div>
                     <div>
                        <b>Duration: </b>0 ms
                        
                     </div>
                  </div>
               </td>
            </tr>
            <tr></tr>
            <tr id="testcases.RegTest_Quit_byStatus_passed_PASS7_row"
                class="testMethodStatusPASS testMethodStatusCONF">
               <td width="100%" class="firstMethodCell">
                  <a onclick="toggleDetailsVisibility('testcases.RegTest_Quit_byStatus_passed_PASS7_details')">Quit()</a>
               </td>
               <td nowrap="true">13:07:48</td>
               <td nowrap="true" align="right">297 ms
                  
               </td>
               <td nowrap="true">
                   
                  
               </td>
            </tr>
            <tr>
               <td colspan="4" class="detailsBox">
                  <div id="testcases.RegTest_Quit_byStatus_passed_PASS7_details"
                       class="testMethodDetails">
                     <div>
                        <b>Name: </b>Quit
                     </div>
                     <div>
                        <b>Signature: </b>Quit()[pri:0, instance:testcases.RegTest@68be2bc2]
                     </div>
                     <div>
                        <b>Start time: </b>13:07:48
                     </div>
                     <div>
                        <b>End time: </b>13:07:48
                     </div>
                     <div>
                        <b>Duration: </b>297 ms
                        
                     </div>
                  </div>
               </td>
            </tr>
            <tr></tr>
            <tr id="testcases.ApplicationTest_doPasswordChange_byStatus_skiped_SKIP1_row"
                class="testMethodStatusSKIP">
               <td width="100%" class="firstMethodCell">
                  <a onclick="toggleDetailsVisibility('testcases.ApplicationTest_doPasswordChange_byStatus_skiped_SKIP1_details')">doPasswordChange()</a>
               </td>
               <td nowrap="true">13:07:48</td>
               <td nowrap="true" align="right">0 ms
                  
               </td>
               <td nowrap="true">
                  <a onclick="toggleDetailsVisibility('testcases.ApplicationTest_doPasswordChange_byStatus_skiped_SKIP1_exception')">java.lang.Throwable: 
                     Method ApplicationTest.doPasswordChange()[pri:2, instance:testcases.ApplicationTest@7c0e2abd] depends on not successfully
                     finished methods
                     
                  </a>
                   
                  
               </td>
            </tr>
            <tr>
               <td colspan="4" class="detailsBox">
                  <div id="testcases.ApplicationTest_doPasswordChange_byStatus_skiped_SKIP1_details"
                       class="testMethodDetails">
                     <div>
                        <b>Name: </b>doPasswordChange
                     </div>
                     <div>
                        <b>Signature: </b>doPasswordChange()[pri:2, instance:testcases.ApplicationTest@7c0e2abd]
                     </div>
                     <div>
                        <b>Start time: </b>13:07:48
                     </div>
                     <div>
                        <b>End time: </b>13:07:48
                     </div>
                     <div>
                        <b>Duration: </b>0 ms
                        
                     </div>
                     <div>
                        <b>Depends on methods:
                           
                        </b>
                        <div>
                               -
                           testcases.ApplicationTest.doLogin
                        </div>
                     </div>
                  </div>
               </td>
            </tr>
            <tr>
               <td colspan="4" class="detailsBox">
                  <div id="testcases.ApplicationTest_doPasswordChange_byStatus_skiped_SKIP1_exception"
                       class="testMethodDetails">
                     <pre style="padding: 5px; margin: 0;">java.lang.Throwable: Method ApplicationTest.doPasswordChange()[pri:2, instance:testcases.ApplicationTest@7c0e2abd] depends
                        on not successfully finished methods
                        	at org.testng.internal.Invoker.invokeTestMethods(Invoker.java:1028)
                        	at org.testng.internal.TestMethodWorker.invokeTestMethods(TestMethodWorker.java:129)
                        	at org.testng.internal.TestMethodWorker.run(TestMethodWorker.java:112)
                        	at org.testng.TestRunner.privateRun(TestRunner.java:746)
                        	at org.testng.TestRunner.run(TestRunner.java:600)
                        	at org.testng.SuiteRunner.runTest(SuiteRunner.java:366)
                        	at org.testng.SuiteRunner.runSequentially(SuiteRunner.java:361)
                        	at org.testng.SuiteRunner.privateRun(SuiteRunner.java:319)
                        	at org.testng.SuiteRunner.run(SuiteRunner.java:268)
                        	at org.testng.SuiteRunnerWorker.runSuite(SuiteRunnerWorker.java:52)
                        	at org.testng.SuiteRunnerWorker.run(SuiteRunnerWorker.java:86)
                        	at org.testng.TestNG.runSuitesSequentially(TestNG.java:1264)
                        	at org.testng.TestNG.runSuitesLocally(TestNG.java:1189)
                        	at org.testng.TestNG.runSuites(TestNG.java:1104)
                        	at org.testng.TestNG.run(TestNG.java:1076)
                        	at org.testng.TestNG.privateMain(TestNG.java:1405)
                        	at org.testng.TestNG.main(TestNG.java:1374)
                     </pre>
                  </div>
               </td>
            </tr>
            <tr id="testcases.ApplicationTest_doLogout_byStatus_skiped_SKIP2_row"
                class="testMethodStatusSKIP">
               <td width="100%" class="firstMethodCell">
                  <a onclick="toggleDetailsVisibility('testcases.ApplicationTest_doLogout_byStatus_skiped_SKIP2_details')">doLogout()</a>
               </td>
               <td nowrap="true">13:07:48</td>
               <td nowrap="true" align="right">0 ms
                  
               </td>
               <td nowrap="true">
                  <a onclick="toggleDetailsVisibility('testcases.ApplicationTest_doLogout_byStatus_skiped_SKIP2_exception')">java.lang.Throwable: 
                     Method ApplicationTest.doLogout()[pri:3, instance:testcases.ApplicationTest@7c0e2abd] depends on not successfully finished
                     methods
                     
                  </a>
                   
                  
               </td>
            </tr>
            <tr>
               <td colspan="4" class="detailsBox">
                  <div id="testcases.ApplicationTest_doLogout_byStatus_skiped_SKIP2_details"
                       class="testMethodDetails">
                     <div>
                        <b>Name: </b>doLogout
                     </div>
                     <div>
                        <b>Signature: </b>doLogout()[pri:3, instance:testcases.ApplicationTest@7c0e2abd]
                     </div>
                     <div>
                        <b>Start time: </b>13:07:48
                     </div>
                     <div>
                        <b>End time: </b>13:07:48
                     </div>
                     <div>
                        <b>Duration: </b>0 ms
                        
                     </div>
                     <div>
                        <b>Depends on methods:
                           
                        </b>
                        <div>
                               -
                           testcases.ApplicationTest.doLogin
                        </div>
                        <div>
                               -
                            testcases.ApplicationTest.doPasswordChange
                        </div>
                     </div>
                  </div>
               </td>
            </tr>
            <tr>
               <td colspan="4" class="detailsBox">
                  <div id="testcases.ApplicationTest_doLogout_byStatus_skiped_SKIP2_exception"
                       class="testMethodDetails">
                     <pre style="padding: 5px; margin: 0;">java.lang.Throwable: Method ApplicationTest.doLogout()[pri:3, instance:testcases.ApplicationTest@7c0e2abd] depends on not
                        successfully finished methods
                        	at org.testng.internal.Invoker.invokeTestMethods(Invoker.java:1028)
                        	at org.testng.internal.TestMethodWorker.invokeTestMethods(TestMethodWorker.java:129)
                        	at org.testng.internal.TestMethodWorker.run(TestMethodWorker.java:112)
                        	at org.testng.TestRunner.privateRun(TestRunner.java:746)
                        	at org.testng.TestRunner.run(TestRunner.java:600)
                        	at org.testng.SuiteRunner.runTest(SuiteRunner.java:366)
                        	at org.testng.SuiteRunner.runSequentially(SuiteRunner.java:361)
                        	at org.testng.SuiteRunner.privateRun(SuiteRunner.java:319)
                        	at org.testng.SuiteRunner.run(SuiteRunner.java:268)
                        	at org.testng.SuiteRunnerWorker.runSuite(SuiteRunnerWorker.java:52)
                        	at org.testng.SuiteRunnerWorker.run(SuiteRunnerWorker.java:86)
                        	at org.testng.TestNG.runSuitesSequentially(TestNG.java:1264)
                        	at org.testng.TestNG.runSuitesLocally(TestNG.java:1189)
                        	at org.testng.TestNG.runSuites(TestNG.java:1104)
                        	at org.testng.TestNG.run(TestNG.java:1076)
                        	at org.testng.TestNG.privateMain(TestNG.java:1405)
                        	at org.testng.TestNG.main(TestNG.java:1374)
                     </pre>
                  </div>
               </td>
            </tr>
            <tr id="testcases.LoginTest_doLoginTest_byStatus_skiped_SKIP3_row"
                class="testMethodStatusSKIP">
               <td width="100%" class="firstMethodCell">
                  <a onclick="toggleDetailsVisibility('testcases.LoginTest_doLoginTest_byStatus_skiped_SKIP3_details')">doLoginTest()</a>
               </td>
               <td nowrap="true">13:07:48</td>
               <td nowrap="true" align="right">0 ms
                  
               </td>
               <td nowrap="true">
                  <a onclick="toggleDetailsVisibility('testcases.LoginTest_doLoginTest_byStatus_skiped_SKIP3_exception')">java.lang.NoClassDefFoundError: 
                     com/google/common/primitives/Ints
                     
                  </a>
                   
                  
               </td>
            </tr>
            <tr>
               <td colspan="4" class="detailsBox">
                  <div id="testcases.LoginTest_doLoginTest_byStatus_skiped_SKIP3_details"
                       class="testMethodDetails">
                     <div>
                        <b>Name: </b>doLoginTest
                     </div>
                     <div>
                        <b>Signature: </b>doLoginTest(java.lang.String, java.lang.String, java.lang.String, java.lang.String)[pri:0, instance:testcases.LoginTest@9629756]
                     </div>
                     <div>
                        <b>Start time: </b>13:07:48
                     </div>
                     <div>
                        <b>End time: </b>13:07:48
                     </div>
                     <div>
                        <b>Duration: </b>0 ms
                        
                     </div>
                  </div>
               </td>
            </tr>
            <tr>
               <td colspan="4" class="detailsBox">
                  <div id="testcases.LoginTest_doLoginTest_byStatus_skiped_SKIP3_exception"
                       class="testMethodDetails">
                     <pre style="padding: 5px; margin: 0;">java.lang.NoClassDefFoundError: com/google/common/primitives/Ints
                        	at org.testng.internal.annotations.JDK15TagFactory.createDataProviderTag(JDK15TagFactory.java:335)
                        	at org.testng.internal.annotations.JDK15TagFactory.createTag(JDK15TagFactory.java:59)
                        	at org.testng.internal.annotations.JDK15AnnotationFinder.findAnnotation(JDK15AnnotationFinder.java:217)
                        	at org.testng.internal.annotations.JDK15AnnotationFinder.findAnnotation(JDK15AnnotationFinder.java:111)
                        	at org.testng.internal.Parameters.findDataProvider(Parameters.java:326)
                        	at org.testng.internal.Parameters.findDataProvider(Parameters.java:261)
                        	at org.testng.internal.Parameters.handleParameters(Parameters.java:418)
                        	at org.testng.internal.Invoker.handleParameters(Invoker.java:1240)
                        	at org.testng.internal.Invoker.createParameters(Invoker.java:980)
                        	at org.testng.internal.Invoker.invokeTestMethods(Invoker.java:1070)
                        	at org.testng.internal.TestMethodWorker.invokeTestMethods(TestMethodWorker.java:129)
                        	at org.testng.internal.TestMethodWorker.run(TestMethodWorker.java:112)
                        	at org.testng.TestRunner.privateRun(TestRunner.java:746)
                        	at org.testng.TestRunner.run(TestRunner.java:600)
                        	at org.testng.SuiteRunner.runTest(SuiteRunner.java:366)
                        	at org.testng.SuiteRunner.runSequentially(SuiteRunner.java:361)
                        	at org.testng.SuiteRunner.privateRun(SuiteRunner.java:319)
                        	at org.testng.SuiteRunner.run(SuiteRunner.java:268)
                        	at org.testng.SuiteRunnerWorker.runSuite(SuiteRunnerWorker.java:52)
                        	at org.testng.SuiteRunnerWorker.run(SuiteRunnerWorker.java:86)
                        	at org.testng.TestNG.runSuitesSequentially(TestNG.java:1264)
                        	at org.testng.TestNG.runSuitesLocally(TestNG.java:1189)
                        	at org.testng.TestNG.runSuites(TestNG.java:1104)
                        	at org.testng.TestNG.run(TestNG.java:1076)
                        	at org.testng.TestNG.privateMain(TestNG.java:1405)
                        	at org.testng.TestNG.main(TestNG.java:1374)
                        Caused by: java.lang.ClassNotFoundException: com.google.common.primitives.Ints
                        	at java.net.URLClassLoader.findClass(URLClassLoader.java:381)
                        	at java.lang.ClassLoader.loadClass(ClassLoader.java:424)
                        	at sun.misc.Launcher$AppClassLoader.loadClass(Launcher.java:331)
                        	at java.lang.ClassLoader.loadClass(ClassLoader.java:357)
                        	... 26 more
                     </pre>
                  </div>
               </td>
            </tr>
         </table>
      </div>
      <div id="testMethodsByClass" style="display: none;">
         <table class="testMethodsTable" cellpadding="0" cellspacing="0">
            <tr>
               <td colspan="4">
                  <h3 style="display: inline;">testcases.ApplicationTest</h3>
               </td>
            </tr>
            <tr class="methodsTableHeader">
               <td width="100%">Name</td>
               <td nowrap="true">Started</td>
               <td nowrap="true">Duration</td>
               <td>Exception</td>
            </tr>
            <tr id="testcases.ApplicationTest_beforeTest_byClass_PASS1_row"
                class="testMethodStatusPASS testMethodStatusCONF">
               <td width="100%" class="firstMethodCell">
                  <a onclick="toggleDetailsVisibility('testcases.ApplicationTest_beforeTest_byClass_PASS1_details')">beforeTest()</a>
               </td>
               <td nowrap="true">13:07:48</td>
               <td nowrap="true" align="right">0 ms
                  
               </td>
               <td nowrap="true">
                   
                  
               </td>
            </tr>
            <tr>
               <td colspan="4" class="detailsBox">
                  <div id="testcases.ApplicationTest_beforeTest_byClass_PASS1_details"
                       class="testMethodDetails">
                     <div>
                        <b>Name: </b>beforeTest
                     </div>
                     <div>
                        <b>Signature: </b>beforeTest()[pri:0, instance:testcases.ApplicationTest@7c0e2abd]
                     </div>
                     <div>
                        <b>Start time: </b>13:07:48
                     </div>
                     <div>
                        <b>End time: </b>13:07:48
                     </div>
                     <div>
                        <b>Duration: </b>0 ms
                        
                     </div>
                  </div>
               </td>
            </tr>
            <tr></tr>
            <tr id="testcases.ApplicationTest_afterTest_byClass_PASS2_row"
                class="testMethodStatusPASS testMethodStatusCONF">
               <td width="100%" class="firstMethodCell">
                  <a onclick="toggleDetailsVisibility('testcases.ApplicationTest_afterTest_byClass_PASS2_details')">afterTest()</a>
               </td>
               <td nowrap="true">13:07:48</td>
               <td nowrap="true" align="right">0 ms
                  
               </td>
               <td nowrap="true">
                   
                  
               </td>
            </tr>
            <tr>
               <td colspan="4" class="detailsBox">
                  <div id="testcases.ApplicationTest_afterTest_byClass_PASS2_details"
                       class="testMethodDetails">
                     <div>
                        <b>Name: </b>afterTest
                     </div>
                     <div>
                        <b>Signature: </b>afterTest()[pri:0, instance:testcases.ApplicationTest@7c0e2abd]
                     </div>
                     <div>
                        <b>Start time: </b>13:07:48
                     </div>
                     <div>
                        <b>End time: </b>13:07:48
                     </div>
                     <div>
                        <b>Duration: </b>0 ms
                        
                     </div>
                  </div>
               </td>
            </tr>
            <tr></tr>
            <tr id="testcases.ApplicationTest_doPasswordChange_byClass_SKIP3_row"
                class="testMethodStatusSKIP">
               <td width="100%" class="firstMethodCell">
                  <a onclick="toggleDetailsVisibility('testcases.ApplicationTest_doPasswordChange_byClass_SKIP3_details')">doPasswordChange()</a>
               </td>
               <td nowrap="true">13:07:48</td>
               <td nowrap="true" align="right">0 ms
                  
               </td>
               <td nowrap="true">
                  <a onclick="toggleDetailsVisibility('testcases.ApplicationTest_doPasswordChange_byClass_SKIP3_exception')">java.lang.Throwable: 
                     Method ApplicationTest.doPasswordChange()[pri:2, instance:testcases.ApplicationTest@7c0e2abd] depends on not successfully
                     finished methods
                     
                  </a>
                   
                  
               </td>
            </tr>
            <tr>
               <td colspan="4" class="detailsBox">
                  <div id="testcases.ApplicationTest_doPasswordChange_byClass_SKIP3_details"
                       class="testMethodDetails">
                     <div>
                        <b>Name: </b>doPasswordChange
                     </div>
                     <div>
                        <b>Signature: </b>doPasswordChange()[pri:2, instance:testcases.ApplicationTest@7c0e2abd]
                     </div>
                     <div>
                        <b>Start time: </b>13:07:48
                     </div>
                     <div>
                        <b>End time: </b>13:07:48
                     </div>
                     <div>
                        <b>Duration: </b>0 ms
                        
                     </div>
                     <div>
                        <b>Depends on methods:
                           
                        </b>
                        <div>
                               -
                           testcases.ApplicationTest.doLogin
                        </div>
                     </div>
                  </div>
               </td>
            </tr>
            <tr>
               <td colspan="4" class="detailsBox">
                  <div id="testcases.ApplicationTest_doPasswordChange_byClass_SKIP3_exception"
                       class="testMethodDetails">
                     <pre style="padding: 5px; margin: 0;">java.lang.Throwable: Method ApplicationTest.doPasswordChange()[pri:2, instance:testcases.ApplicationTest@7c0e2abd] depends
                        on not successfully finished methods
                        	at org.testng.internal.Invoker.invokeTestMethods(Invoker.java:1028)
                        	at org.testng.internal.TestMethodWorker.invokeTestMethods(TestMethodWorker.java:129)
                        	at org.testng.internal.TestMethodWorker.run(TestMethodWorker.java:112)
                        	at org.testng.TestRunner.privateRun(TestRunner.java:746)
                        	at org.testng.TestRunner.run(TestRunner.java:600)
                        	at org.testng.SuiteRunner.runTest(SuiteRunner.java:366)
                        	at org.testng.SuiteRunner.runSequentially(SuiteRunner.java:361)
                        	at org.testng.SuiteRunner.privateRun(SuiteRunner.java:319)
                        	at org.testng.SuiteRunner.run(SuiteRunner.java:268)
                        	at org.testng.SuiteRunnerWorker.runSuite(SuiteRunnerWorker.java:52)
                        	at org.testng.SuiteRunnerWorker.run(SuiteRunnerWorker.java:86)
                        	at org.testng.TestNG.runSuitesSequentially(TestNG.java:1264)
                        	at org.testng.TestNG.runSuitesLocally(TestNG.java:1189)
                        	at org.testng.TestNG.runSuites(TestNG.java:1104)
                        	at org.testng.TestNG.run(TestNG.java:1076)
                        	at org.testng.TestNG.privateMain(TestNG.java:1405)
                        	at org.testng.TestNG.main(TestNG.java:1374)
                     </pre>
                  </div>
               </td>
            </tr>
            <tr id="testcases.ApplicationTest_doLogout_byClass_SKIP4_row"
                class="testMethodStatusSKIP">
               <td width="100%" class="firstMethodCell">
                  <a onclick="toggleDetailsVisibility('testcases.ApplicationTest_doLogout_byClass_SKIP4_details')">doLogout()</a>
               </td>
               <td nowrap="true">13:07:48</td>
               <td nowrap="true" align="right">0 ms
                  
               </td>
               <td nowrap="true">
                  <a onclick="toggleDetailsVisibility('testcases.ApplicationTest_doLogout_byClass_SKIP4_exception')">java.lang.Throwable: 
                     Method ApplicationTest.doLogout()[pri:3, instance:testcases.ApplicationTest@7c0e2abd] depends on not successfully finished
                     methods
                     
                  </a>
                   
                  
               </td>
            </tr>
            <tr>
               <td colspan="4" class="detailsBox">
                  <div id="testcases.ApplicationTest_doLogout_byClass_SKIP4_details"
                       class="testMethodDetails">
                     <div>
                        <b>Name: </b>doLogout
                     </div>
                     <div>
                        <b>Signature: </b>doLogout()[pri:3, instance:testcases.ApplicationTest@7c0e2abd]
                     </div>
                     <div>
                        <b>Start time: </b>13:07:48
                     </div>
                     <div>
                        <b>End time: </b>13:07:48
                     </div>
                     <div>
                        <b>Duration: </b>0 ms
                        
                     </div>
                     <div>
                        <b>Depends on methods:
                           
                        </b>
                        <div>
                               -
                           testcases.ApplicationTest.doLogin
                        </div>
                        <div>
                               -
                            testcases.ApplicationTest.doPasswordChange
                        </div>
                     </div>
                  </div>
               </td>
            </tr>
            <tr>
               <td colspan="4" class="detailsBox">
                  <div id="testcases.ApplicationTest_doLogout_byClass_SKIP4_exception"
                       class="testMethodDetails">
                     <pre style="padding: 5px; margin: 0;">java.lang.Throwable: Method ApplicationTest.doLogout()[pri:3, instance:testcases.ApplicationTest@7c0e2abd] depends on not
                        successfully finished methods
                        	at org.testng.internal.Invoker.invokeTestMethods(Invoker.java:1028)
                        	at org.testng.internal.TestMethodWorker.invokeTestMethods(TestMethodWorker.java:129)
                        	at org.testng.internal.TestMethodWorker.run(TestMethodWorker.java:112)
                        	at org.testng.TestRunner.privateRun(TestRunner.java:746)
                        	at org.testng.TestRunner.run(TestRunner.java:600)
                        	at org.testng.SuiteRunner.runTest(SuiteRunner.java:366)
                        	at org.testng.SuiteRunner.runSequentially(SuiteRunner.java:361)
                        	at org.testng.SuiteRunner.privateRun(SuiteRunner.java:319)
                        	at org.testng.SuiteRunner.run(SuiteRunner.java:268)
                        	at org.testng.SuiteRunnerWorker.runSuite(SuiteRunnerWorker.java:52)
                        	at org.testng.SuiteRunnerWorker.run(SuiteRunnerWorker.java:86)
                        	at org.testng.TestNG.runSuitesSequentially(TestNG.java:1264)
                        	at org.testng.TestNG.runSuitesLocally(TestNG.java:1189)
                        	at org.testng.TestNG.runSuites(TestNG.java:1104)
                        	at org.testng.TestNG.run(TestNG.java:1076)
                        	at org.testng.TestNG.privateMain(TestNG.java:1405)
                        	at org.testng.TestNG.main(TestNG.java:1374)
                     </pre>
                  </div>
               </td>
            </tr>
            <tr id="testcases.ApplicationTest_doLogin_byClass_FAIL5_row"
                class="testMethodStatusFAIL">
               <td width="100%" class="firstMethodCell">
                  <a onclick="toggleDetailsVisibility('testcases.ApplicationTest_doLogin_byClass_FAIL5_details')">doLogin()</a>
               </td>
               <td nowrap="true">13:07:48</td>
               <td nowrap="true" align="right">0 ms
                  
               </td>
               <td nowrap="true">
                  <a onclick="toggleDetailsVisibility('testcases.ApplicationTest_doLogin_byClass_FAIL5_exception')">java.lang.AssertionError: 
                     The following asserts failed:
                     	Error Message
                     
                  </a>
                   
                  
               </td>
            </tr>
            <tr>
               <td colspan="4" class="detailsBox">
                  <div id="testcases.ApplicationTest_doLogin_byClass_FAIL5_details"
                       class="testMethodDetails">
                     <div>
                        <b>Name: </b>doLogin
                     </div>
                     <div>
                        <b>Signature: </b>doLogin()[pri:1, instance:testcases.ApplicationTest@7c0e2abd]
                     </div>
                     <div>
                        <b>Start time: </b>13:07:48
                     </div>
                     <div>
                        <b>End time: </b>13:07:48
                     </div>
                     <div>
                        <b>Duration: </b>0 ms
                        
                     </div>
                  </div>
               </td>
            </tr>
            <tr>
               <td colspan="4" class="detailsBox">
                  <div id="testcases.ApplicationTest_doLogin_byClass_FAIL5_exception"
                       class="testMethodDetails">
                     <pre style="padding: 5px; margin: 0;">java.lang.AssertionError: The following asserts failed:
                        	Error Message
                        	at org.testng.asserts.SoftAssert.assertAll(SoftAssert.java:43)
                        	at testcases.ApplicationTest.doLogin(ApplicationTest.java:51)
                        	at sun.reflect.NativeMethodAccessorImpl.invoke0(Native Method)
                        	at sun.reflect.NativeMethodAccessorImpl.invoke(NativeMethodAccessorImpl.java:62)
                        	at sun.reflect.DelegatingMethodAccessorImpl.invoke(DelegatingMethodAccessorImpl.java:43)
                        	at java.lang.reflect.Method.invoke(Method.java:498)
                        	at org.testng.internal.MethodInvocationHelper.invokeMethod(MethodInvocationHelper.java:100)
                        	at org.testng.internal.Invoker.invokeMethod(Invoker.java:646)
                        	at org.testng.internal.Invoker.invokeTestMethod(Invoker.java:811)
                        	at org.testng.internal.Invoker.invokeTestMethods(Invoker.java:1129)
                        	at org.testng.internal.TestMethodWorker.invokeTestMethods(TestMethodWorker.java:129)
                        	at org.testng.internal.TestMethodWorker.run(TestMethodWorker.java:112)
                        	at org.testng.TestRunner.privateRun(TestRunner.java:746)
                        	at org.testng.TestRunner.run(TestRunner.java:600)
                        	at org.testng.SuiteRunner.runTest(SuiteRunner.java:366)
                        	at org.testng.SuiteRunner.runSequentially(SuiteRunner.java:361)
                        	at org.testng.SuiteRunner.privateRun(SuiteRunner.java:319)
                        	at org.testng.SuiteRunner.run(SuiteRunner.java:268)
                        	at org.testng.SuiteRunnerWorker.runSuite(SuiteRunnerWorker.java:52)
                        	at org.testng.SuiteRunnerWorker.run(SuiteRunnerWorker.java:86)
                        	at org.testng.TestNG.runSuitesSequentially(TestNG.java:1264)
                        	at org.testng.TestNG.runSuitesLocally(TestNG.java:1189)
                        	at org.testng.TestNG.runSuites(TestNG.java:1104)
                        	at org.testng.TestNG.run(TestNG.java:1076)
                        	at org.testng.TestNG.privateMain(TestNG.java:1405)
                        	at org.testng.TestNG.main(TestNG.java:1374)
                     </pre>
                  </div>
               </td>
            </tr>
            <tr id="testcases.ApplicationTest_AfterMethod_byClass_PASS6_row"
                class="testMethodStatusPASS testMethodStatusCONF">
               <td width="100%" class="firstMethodCell">
                  <a onclick="toggleDetailsVisibility('testcases.ApplicationTest_AfterMethod_byClass_PASS6_details')">AfterMethod()</a>
               </td>
               <td nowrap="true">13:07:48</td>
               <td nowrap="true" align="right">0 ms
                  
               </td>
               <td nowrap="true">
                   
                  
               </td>
            </tr>
            <tr>
               <td colspan="4" class="detailsBox">
                  <div id="testcases.ApplicationTest_AfterMethod_byClass_PASS6_details"
                       class="testMethodDetails">
                     <div>
                        <b>Name: </b>AfterMethod
                     </div>
                     <div>
                        <b>Signature: </b>AfterMethod()[pri:0, instance:testcases.ApplicationTest@7c0e2abd]
                     </div>
                     <div>
                        <b>Start time: </b>13:07:48
                     </div>
                     <div>
                        <b>End time: </b>13:07:48
                     </div>
                     <div>
                        <b>Duration: </b>0 ms
                        
                     </div>
                  </div>
               </td>
            </tr>
            <tr></tr>
            <tr id="testcases.ApplicationTest_beforemethod_byClass_PASS7_row"
                class="testMethodStatusPASS testMethodStatusCONF">
               <td width="100%" class="firstMethodCell">
                  <a onclick="toggleDetailsVisibility('testcases.ApplicationTest_beforemethod_byClass_PASS7_details')">beforemethod()</a>
               </td>
               <td nowrap="true">13:07:48</td>
               <td nowrap="true" align="right">0 ms
                  
               </td>
               <td nowrap="true">
                   
                  
               </td>
            </tr>
            <tr>
               <td colspan="4" class="detailsBox">
                  <div id="testcases.ApplicationTest_beforemethod_byClass_PASS7_details"
                       class="testMethodDetails">
                     <div>
                        <b>Name: </b>beforemethod
                     </div>
                     <div>
                        <b>Signature: </b>beforemethod()[pri:0, instance:testcases.ApplicationTest@7c0e2abd]
                     </div>
                     <div>
                        <b>Start time: </b>13:07:48
                     </div>
                     <div>
                        <b>End time: </b>13:07:48
                     </div>
                     <div>
                        <b>Duration: </b>0 ms
                        
                     </div>
                  </div>
               </td>
            </tr>
            <tr></tr>
         </table>
         <br></br>
         <table class="testMethodsTable" cellpadding="0" cellspacing="0">
            <tr>
               <td colspan="4">
                  <h3 style="display: inline;">testcases.ApplicationTest</h3>
               </td>
            </tr>
            <tr class="methodsTableHeader">
               <td width="100%">Name</td>
               <td nowrap="true">Started</td>
               <td nowrap="true">Duration</td>
               <td>Exception</td>
            </tr>
            <tr id="testcases.ApplicationTest_beforesuite_byClass_PASS1_row"
                class="testMethodStatusPASS testMethodStatusCONF">
               <td width="100%" class="firstMethodCell">
                  <a onclick="toggleDetailsVisibility('testcases.ApplicationTest_beforesuite_byClass_PASS1_details')">beforesuite()</a>
               </td>
               <td nowrap="true">13:07:48</td>
               <td nowrap="true" align="right">0 ms
                  
               </td>
               <td nowrap="true">
                   
                  
               </td>
            </tr>
            <tr>
               <td colspan="4" class="detailsBox">
                  <div id="testcases.ApplicationTest_beforesuite_byClass_PASS1_details"
                       class="testMethodDetails">
                     <div>
                        <b>Name: </b>beforesuite
                     </div>
                     <div>
                        <b>Signature: </b>beforesuite()[pri:0, instance:testcases.ApplicationTest@7c0e2abd]
                     </div>
                     <div>
                        <b>Start time: </b>13:07:48
                     </div>
                     <div>
                        <b>End time: </b>13:07:48
                     </div>
                     <div>
                        <b>Duration: </b>0 ms
                        
                     </div>
                  </div>
               </td>
            </tr>
            <tr></tr>
            <tr id="testcases.ApplicationTest_aftersuite_byClass_PASS2_row"
                class="testMethodStatusPASS testMethodStatusCONF">
               <td width="100%" class="firstMethodCell">
                  <a onclick="toggleDetailsVisibility('testcases.ApplicationTest_aftersuite_byClass_PASS2_details')">aftersuite()</a>
               </td>
               <td nowrap="true">13:07:48</td>
               <td nowrap="true" align="right">0 ms
                  
               </td>
               <td nowrap="true">
                   
                  
               </td>
            </tr>
            <tr>
               <td colspan="4" class="detailsBox">
                  <div id="testcases.ApplicationTest_aftersuite_byClass_PASS2_details"
                       class="testMethodDetails">
                     <div>
                        <b>Name: </b>aftersuite
                     </div>
                     <div>
                        <b>Signature: </b>aftersuite()[pri:0, instance:testcases.ApplicationTest@7c0e2abd]
                     </div>
                     <div>
                        <b>Start time: </b>13:07:48
                     </div>
                     <div>
                        <b>End time: </b>13:07:48
                     </div>
                     <div>
                        <b>Duration: </b>0 ms
                        
                     </div>
                  </div>
               </td>
            </tr>
            <tr></tr>
         </table>
         <br></br>
         <table class="testMethodsTable" cellpadding="0" cellspacing="0">
            <tr>
               <td colspan="4">
                  <h3 style="display: inline;">testcases.LoginTest</h3>
               </td>
            </tr>
            <tr class="methodsTableHeader">
               <td width="100%">Name</td>
               <td nowrap="true">Started</td>
               <td nowrap="true">Duration</td>
               <td>Exception</td>
            </tr>
            <tr id="testcases.LoginTest_doLoginTest_byClass_SKIP1_row"
                class="testMethodStatusSKIP">
               <td width="100%" class="firstMethodCell">
                  <a onclick="toggleDetailsVisibility('testcases.LoginTest_doLoginTest_byClass_SKIP1_details')">doLoginTest()</a>
               </td>
               <td nowrap="true">13:07:48</td>
               <td nowrap="true" align="right">0 ms
                  
               </td>
               <td nowrap="true">
                  <a onclick="toggleDetailsVisibility('testcases.LoginTest_doLoginTest_byClass_SKIP1_exception')">java.lang.NoClassDefFoundError: 
                     com/google/common/primitives/Ints
                     
                  </a>
                   
                  
               </td>
            </tr>
            <tr>
               <td colspan="4" class="detailsBox">
                  <div id="testcases.LoginTest_doLoginTest_byClass_SKIP1_details"
                       class="testMethodDetails">
                     <div>
                        <b>Name: </b>doLoginTest
                     </div>
                     <div>
                        <b>Signature: </b>doLoginTest(java.lang.String, java.lang.String, java.lang.String, java.lang.String)[pri:0, instance:testcases.LoginTest@9629756]
                     </div>
                     <div>
                        <b>Start time: </b>13:07:48
                     </div>
                     <div>
                        <b>End time: </b>13:07:48
                     </div>
                     <div>
                        <b>Duration: </b>0 ms
                        
                     </div>
                  </div>
               </td>
            </tr>
            <tr>
               <td colspan="4" class="detailsBox">
                  <div id="testcases.LoginTest_doLoginTest_byClass_SKIP1_exception"
                       class="testMethodDetails">
                     <pre style="padding: 5px; margin: 0;">java.lang.NoClassDefFoundError: com/google/common/primitives/Ints
                        	at org.testng.internal.annotations.JDK15TagFactory.createDataProviderTag(JDK15TagFactory.java:335)
                        	at org.testng.internal.annotations.JDK15TagFactory.createTag(JDK15TagFactory.java:59)
                        	at org.testng.internal.annotations.JDK15AnnotationFinder.findAnnotation(JDK15AnnotationFinder.java:217)
                        	at org.testng.internal.annotations.JDK15AnnotationFinder.findAnnotation(JDK15AnnotationFinder.java:111)
                        	at org.testng.internal.Parameters.findDataProvider(Parameters.java:326)
                        	at org.testng.internal.Parameters.findDataProvider(Parameters.java:261)
                        	at org.testng.internal.Parameters.handleParameters(Parameters.java:418)
                        	at org.testng.internal.Invoker.handleParameters(Invoker.java:1240)
                        	at org.testng.internal.Invoker.createParameters(Invoker.java:980)
                        	at org.testng.internal.Invoker.invokeTestMethods(Invoker.java:1070)
                        	at org.testng.internal.TestMethodWorker.invokeTestMethods(TestMethodWorker.java:129)
                        	at org.testng.internal.TestMethodWorker.run(TestMethodWorker.java:112)
                        	at org.testng.TestRunner.privateRun(TestRunner.java:746)
                        	at org.testng.TestRunner.run(TestRunner.java:600)
                        	at org.testng.SuiteRunner.runTest(SuiteRunner.java:366)
                        	at org.testng.SuiteRunner.runSequentially(SuiteRunner.java:361)
                        	at org.testng.SuiteRunner.privateRun(SuiteRunner.java:319)
                        	at org.testng.SuiteRunner.run(SuiteRunner.java:268)
                        	at org.testng.SuiteRunnerWorker.runSuite(SuiteRunnerWorker.java:52)
                        	at org.testng.SuiteRunnerWorker.run(SuiteRunnerWorker.java:86)
                        	at org.testng.TestNG.runSuitesSequentially(TestNG.java:1264)
                        	at org.testng.TestNG.runSuitesLocally(TestNG.java:1189)
                        	at org.testng.TestNG.runSuites(TestNG.java:1104)
                        	at org.testng.TestNG.run(TestNG.java:1076)
                        	at org.testng.TestNG.privateMain(TestNG.java:1405)
                        	at org.testng.TestNG.main(TestNG.java:1374)
                        Caused by: java.lang.ClassNotFoundException: com.google.common.primitives.Ints
                        	at java.net.URLClassLoader.findClass(URLClassLoader.java:381)
                        	at java.lang.ClassLoader.loadClass(ClassLoader.java:424)
                        	at sun.misc.Launcher$AppClassLoader.loadClass(Launcher.java:331)
                        	at java.lang.ClassLoader.loadClass(ClassLoader.java:357)
                        	... 26 more
                     </pre>
                  </div>
               </td>
            </tr>
         </table>
         <br></br>
         <table class="testMethodsTable" cellpadding="0" cellspacing="0">
            <tr>
               <td colspan="4">
                  <h3 style="display: inline;">testcases.RegTest</h3>
               </td>
            </tr>
            <tr class="methodsTableHeader">
               <td width="100%">Name</td>
               <td nowrap="true">Started</td>
               <td nowrap="true">Duration</td>
               <td>Exception</td>
            </tr>
            <tr id="testcases.RegTest_doRegisterTest_byClass_FAIL1_row"
                class="testMethodStatusFAIL">
               <td width="100%" class="firstMethodCell">
                  <a onclick="toggleDetailsVisibility('testcases.RegTest_doRegisterTest_byClass_FAIL1_details')">doRegisterTest()</a>
               </td>
               <td nowrap="true">13:07:48</td>
               <td nowrap="true" align="right">15 ms
                  
               </td>
               <td nowrap="true">
                  <a onclick="toggleDetailsVisibility('testcases.RegTest_doRegisterTest_byClass_FAIL1_exception')">java.lang.AssertionError: 
                     The following asserts failed:
                     	expected [jdjfg] but found [fhdj],
                     	expected [B] but found [A]
                     
                  </a>
                   
                  
               </td>
            </tr>
            <tr>
               <td colspan="4" class="detailsBox">
                  <div id="testcases.RegTest_doRegisterTest_byClass_FAIL1_details"
                       class="testMethodDetails">
                     <div>
                        <b>Name: </b>doRegisterTest
                     </div>
                     <div>
                        <b>Signature: </b>doRegisterTest()[pri:0, instance:testcases.RegTest@68be2bc2]
                     </div>
                     <div>
                        <b>Start time: </b>13:07:48
                     </div>
                     <div>
                        <b>End time: </b>13:07:48
                     </div>
                     <div>
                        <b>Duration: </b>15 ms
                        
                     </div>
                  </div>
               </td>
            </tr>
            <tr>
               <td colspan="4" class="detailsBox">
                  <div id="testcases.RegTest_doRegisterTest_byClass_FAIL1_exception"
                       class="testMethodDetails">
                     <pre style="padding: 5px; margin: 0;">java.lang.AssertionError: The following asserts failed:
                        	expected [jdjfg] but found [fhdj],
                        	expected [B] but found [A]
                        	at org.testng.Assert.fail(Assert.java:94)
                        	at testcases.RegTest.doRegisterTest(RegTest.java:45)
                        	at sun.reflect.NativeMethodAccessorImpl.invoke0(Native Method)
                        	at sun.reflect.NativeMethodAccessorImpl.invoke(NativeMethodAccessorImpl.java:62)
                        	at sun.reflect.DelegatingMethodAccessorImpl.invoke(DelegatingMethodAccessorImpl.java:43)
                        	at java.lang.reflect.Method.invoke(Method.java:498)
                        	at org.testng.internal.MethodInvocationHelper.invokeMethod(MethodInvocationHelper.java:100)
                        	at org.testng.internal.Invoker.invokeMethod(Invoker.java:646)
                        	at org.testng.internal.Invoker.invokeTestMethod(Invoker.java:811)
                        	at org.testng.internal.Invoker.invokeTestMethods(Invoker.java:1129)
                        	at org.testng.internal.TestMethodWorker.invokeTestMethods(TestMethodWorker.java:129)
                        	at org.testng.internal.TestMethodWorker.run(TestMethodWorker.java:112)
                        	at org.testng.TestRunner.privateRun(TestRunner.java:746)
                        	at org.testng.TestRunner.run(TestRunner.java:600)
                        	at org.testng.SuiteRunner.runTest(SuiteRunner.java:366)
                        	at org.testng.SuiteRunner.runSequentially(SuiteRunner.java:361)
                        	at org.testng.SuiteRunner.privateRun(SuiteRunner.java:319)
                        	at org.testng.SuiteRunner.run(SuiteRunner.java:268)
                        	at org.testng.SuiteRunnerWorker.runSuite(SuiteRunnerWorker.java:52)
                        	at org.testng.SuiteRunnerWorker.run(SuiteRunnerWorker.java:86)
                        	at org.testng.TestNG.runSuitesSequentially(TestNG.java:1264)
                        	at org.testng.TestNG.runSuitesLocally(TestNG.java:1189)
                        	at org.testng.TestNG.runSuites(TestNG.java:1104)
                        	at org.testng.TestNG.run(TestNG.java:1076)
                        	at org.testng.TestNG.privateMain(TestNG.java:1405)
                        	at org.testng.TestNG.main(TestNG.java:1374)
                     </pre>
                  </div>
               </td>
            </tr>
            <tr id="testcases.RegTest_Quit_byClass_PASS2_row"
                class="testMethodStatusPASS testMethodStatusCONF">
               <td width="100%" class="firstMethodCell">
                  <a onclick="toggleDetailsVisibility('testcases.RegTest_Quit_byClass_PASS2_details')">Quit()</a>
               </td>
               <td nowrap="true">13:07:48</td>
               <td nowrap="true" align="right">297 ms
                  
               </td>
               <td nowrap="true">
                   
                  
               </td>
            </tr>
            <tr>
               <td colspan="4" class="detailsBox">
                  <div id="testcases.RegTest_Quit_byClass_PASS2_details" class="testMethodDetails">
                     <div>
                        <b>Name: </b>Quit
                     </div>
                     <div>
                        <b>Signature: </b>Quit()[pri:0, instance:testcases.RegTest@68be2bc2]
                     </div>
                     <div>
                        <b>Start time: </b>13:07:48
                     </div>
                     <div>
                        <b>End time: </b>13:07:48
                     </div>
                     <div>
                        <b>Duration: </b>297 ms
                        
                     </div>
                  </div>
               </td>
            </tr>
            <tr></tr>
         </table>
         <br></br>
      </div>
      <div style="margin-top: 15px; color: gray; text-align: center; font-size: 9px;">
         Generated with
         
         <a href="http://code.google.com/p/testng-xslt/" style="color: #8888aa;"
            target="_blank">
            TestNG XSLT
            
         </a>
      </div>
   </body>
</html>