<?xml version="1.0" encoding="UTF-8"?>
<!-- Generated by org.testng.reporters.JUnitXMLReporter -->
<testsuite hostname="Admin-PC" name="Registration Test" tests="1" failures="1" timestamp="20 Jun 2017 09:56:21 GMT" time="0.314" errors="0">
  <testcase name="doRegisterTest" time="0.006" classname="testcases.RegTest">
    <failure type="java.lang.AssertionError" message="The following asserts failed:
	expected [jdjfg] but found [fhdj],
	expected [B] but found [A]">
      <![CDATA[java.lang.AssertionError: The following asserts failed:
	expected [jdjfg] but found [fhdj],
	expected [B] but found [A]
	at testcases.RegTest.doRegisterTest(RegTest.java:45)
... Removed 25 stack frames]]>
    </failure>
  </testcase> <!-- doRegisterTest -->
</testsuite> <!-- Registration Test -->
