<!DOCTYPE html PUBLIC "-//W3C//DTD XHTML 1.1//EN" "http://www.w3.org/TR/xhtml11/DTD/xhtml11.dtd">
<html xmlns="http://www.w3.org/1999/xhtml"><head><title>TestNG Report</title><style type="text/css">table {margin-bottom:10px;border-collapse:collapse;empty-cells:show}th,td {border:1px solid #009;padding:.25em .5em}th {vertical-align:bottom}td {vertical-align:top}table a {font-weight:bold}.stripe td {background-color: #E6EBF9}.num {text-align:right}.passedodd td {background-color: #3F3}.passedeven td {background-color: #0A0}.skippedodd td {background-color: #DDD}.skippedeven td {background-color: #CCC}.failedodd td,.attn {background-color: #F33}.failedeven td,.stripe .attn {background-color: #D00}.stacktrace {white-space:pre;font-family:monospace}.totop {font-size:85%;text-align:center;border-bottom:2px solid #000}</style></head><body><table><tr><th>Test</th><th># Passed</th><th># Skipped</th><th># Failed</th><th>Time (ms)</th><th>Included Groups</th><th>Excluded Groups</th></tr><tr><th colspan="7">Larning testNG</th></tr><tr><td><a href="#t0">Application Test</a></td><td class="num">0</td><td class="num attn">2</td><td class="num attn">1</td><td class="num">15</td><td></td><td></td></tr><tr class="stripe"><td><a href="#t1">Login Test</a></td><td class="num">0</td><td class="num attn">1</td><td class="num">0</td><td class="num">2</td><td></td><td></td></tr><tr><td><a href="#t2">Registration Test</a></td><td class="num">0</td><td class="num">0</td><td class="num attn">1</td><td class="num">314</td><td></td><td></td></tr><tr><th>Total</th><th class="num">0</th><th class="num attn">3</th><th class="num attn">2</th><th class="num">331</th><th colspan="2"></th></tr></table><table><thead><tr><th>Class</th><th>Method</th><th>Start</th><th>Time (ms)</th></tr></thead><tbody><tr><th colspan="4">Larning testNG</th></tr></tbody><tbody id="t0"><tr><th colspan="4">Application Test &#8212; failed</th></tr><tr class="failedeven"><td rowspan="1">testcases.ApplicationTest</td><td><a href="#m0">doLogin</a></td><td rowspan="1">1497952580743</td><td rowspan="1">2</td></tr><tr><th colspan="4">Application Test &#8212; skipped</th></tr><tr class="skippedeven"><td rowspan="2">testcases.ApplicationTest</td><td><a href="#m1">doLogout</a></td><td rowspan="1">1497952580748</td><td rowspan="1">0</td></tr><tr class="skippedeven"><td><a href="#m2">doPasswordChange</a></td><td rowspan="1">1497952580747</td><td rowspan="1">0</td></tr></tbody><tbody id="t1"><tr><th colspan="4">Login Test &#8212; skipped</th></tr><tr class="skippedeven"><td rowspan="1">testcases.LoginTest</td><td><a href="#m3">doLoginTest</a></td><td rowspan="1">1497952580857</td><td rowspan="1">0</td></tr></tbody><tbody id="t2"><tr><th colspan="4">Registration Test &#8212; failed</th></tr><tr class="failedeven"><td rowspan="1">testcases.RegTest</td><td><a href="#m4">doRegisterTest</a></td><td rowspan="1">1497952580865</td><td rowspan="1">6</td></tr></tbody></table><h2>Application Test</h2><h3 id="m0">testcases.ApplicationTest#doLogin</h3><table class="result"><tr><th>Exception</th></tr><tr><td><div class="stacktrace">java.lang.AssertionError: The following asserts failed:
	Error Message
	at testcases.ApplicationTest.doLogin(ApplicationTest.java:51)
... Removed 25 stack frames</div></td></tr></table><p class="totop"><a href="#summary">back to summary</a></p><h3 id="m1">testcases.ApplicationTest#doLogout</h3><table class="result"><tr><th>Exception</th></tr><tr><td><div class="stacktrace">java.lang.Throwable: Method ApplicationTest.doLogout()[pri:3, instance:testcases.ApplicationTest@402f32ff] depends on not successfully finished methods
... Removed 17 stack frames</div></td></tr></table><p class="totop"><a href="#summary">back to summary</a></p><h3 id="m2">testcases.ApplicationTest#doPasswordChange</h3><table class="result"><tr><th>Exception</th></tr><tr><td><div class="stacktrace">java.lang.Throwable: Method ApplicationTest.doPasswordChange()[pri:2, instance:testcases.ApplicationTest@402f32ff] depends on not successfully finished methods
... Removed 17 stack frames</div></td></tr></table><p class="totop"><a href="#summary">back to summary</a></p><h2>Login Test</h2><h3 id="m3">testcases.LoginTest#doLoginTest</h3><table class="result"><tr><th>Exception</th></tr><tr><td><div class="stacktrace">java.lang.NoClassDefFoundError: com/google/common/primitives/Ints
Caused by: java.lang.ClassNotFoundException: com.google.common.primitives.Ints
	at java.net.URLClassLoader.findClass(URLClassLoader.java:381)
	at java.lang.ClassLoader.loadClass(ClassLoader.java:424)
	at sun.misc.Launcher$AppClassLoader.loadClass(Launcher.java:331)
	at java.lang.ClassLoader.loadClass(ClassLoader.java:357)
	... 26 more
... Removed 26 stack frames</div></td></tr></table><p class="totop"><a href="#summary">back to summary</a></p><h2>Registration Test</h2><h3 id="m4">testcases.RegTest#doRegisterTest</h3><table class="result"><tr><th>Exception</th></tr><tr><td><div class="stacktrace">java.lang.AssertionError: The following asserts failed:
	expected [jdjfg] but found [fhdj],
	expected [B] but found [A]
	at testcases.RegTest.doRegisterTest(RegTest.java:45)
... Removed 25 stack frames</div></td></tr></table><p class="totop"><a href="#summary">back to summary</a></p></body></html>